Generating 3D model for part LM1117_2745717358.
	*Warning: No mapping for cell/part LM1117_2745717358
Generating 3D model for part CAP_1910587498.
	*Warning: No mapping for cell/part CAP_1910587498
Generating 3D model for part XTAL_1464223247.
	*Warning: No mapping for cell/part XTAL_1464223247
Generating 3D model for part SWITCH_312370446.
	*Warning: No mapping for cell/part SWITCH_312370446
Generating 3D model for part XH-4A_1836041428.
	*Warning: No mapping for cell/part XH-4A_1836041428
Generating 3D model for part RES_1910587498.
	*Warning: No mapping for cell/part RES_1910587498
Generating 3D model for part STM32F072-48_3321469727.
	*Warning: No mapping for cell/part STM32F072-48_3321469727
Generating 3D model for part SWITCH_3798520914.
	*Warning: No mapping for cell/part SWITCH_3798520914
Generating 3D model for part LED_1910587498.
	*Warning: No mapping for cell/part LED_1910587498
Generating 3D model for part NPN_2047427911.
	*Warning: No mapping for cell/part NPN_2047427911
Generating 3D model for part RELAY_3629416715.
	*Warning: No mapping for cell/part RELAY_3629416715
Generating 3D model for part IN4146_1910587498.
	*Warning: No mapping for cell/part IN4146_1910587498
Generating 3D model for part CON-2P_2386885140.
	*Warning: No mapping for cell/part CON-2P_2386885140
Generating 3D model for part BUZZER_1473348815.
	*Warning: No mapping for cell/part BUZZER_1473348815
Generating 3D model for part MIN-USB_2138205755.
	*Warning: No mapping for cell/part MIN-USB_2138205755
Generating 3D model for part CH340_3603636561.
	*Warning: No mapping for cell/part CH340_3603636561
Generating 3D model for part CON_3860315263.
	*Warning: No mapping for cell/part CON_3860315263
