Drill Listing
=============
Drill: .01969  Tool: 1  Feed: 95  Speed: 300
X 109191  Y 270776 X 115097  Y 270776
X 109191  Y 299517 X 115097  Y 299517

Drill: .02362  Tool: 2  Feed: 197  Speed: 550
X 107870  Y 106377
X 107870  Y 116377
X 107870  Y 126377
X 117870  Y 106377
X 117870  Y 126377
X 127870  Y 116377
X 127870  Y 106377
X 137870  Y 106377
X 137870  Y 126377
X 147870  Y 106377
X 157870  Y 106377
X 157870  Y 116377
X 157870  Y 126377
X 167870  Y 116377
X 167870  Y 106377
X 177870  Y 106377
X 177870  Y 126377
X 187870  Y 116377
X 187870  Y 106377
X 197870  Y 106377
X 197870  Y 116377
X 206810  Y 117156
X 207870  Y 106377
X 290609  Y 128046
X 297870  Y 126377
X 307870  Y 126377
X 317870  Y 126377
X 317870  Y 116377
X 317870  Y 106377
X 327870  Y 106377
X 327870  Y 116377
X 357870  Y 106377
X 357870  Y 116377
X 357870  Y 126377
X 343685  Y 135865
X 327870  Y 136377
X 327870  Y 146377
X 317870  Y 136377
X 317870  Y 146377
X 297870  Y 136377
X 297870  Y 146377
X 287870  Y 136377
X 287870  Y 146377
X 280890  Y 152717
X 270077  Y 147062
X 227870  Y 136377
X 227870  Y 146377
X 220923  Y 133400
X 209545  Y 143434
X 190803  Y 140196
X 183167  Y 149052
X 177369  Y 153786
X 157870  Y 136377
X 137870  Y 136377
X 129870  Y 145354
X 117870  Y 136377
X 107870  Y 146377
X 107870  Y 136377
X 107870  Y 156377
X 107870  Y 166377
X 107870  Y 176377
X 117870  Y 156377
X 127870  Y 156377
X 127870  Y 176377
X 137870  Y 156377
X 137870  Y 166377
X 147870  Y 166377
X 157870  Y 176377
X 157870  Y 166377
X 167870  Y 176377
X 180091  Y 165975
X 190504  Y 166803
X 197870  Y 166377
X 207870  Y 176377
X 217870  Y 166377
X 227870  Y 156377
X 227870  Y 166377
X 227870  Y 176377
X 247870  Y 176377
X 247870  Y 156377
X 247870  Y 166377
X 270077  Y 157062
X 270077  Y 177062
X 272602  Y 169990
X 308782  Y 169840
X 317870  Y 166377
X 317870  Y 156377
X 327870  Y 176377
X 327870  Y 156377
X 337870  Y 166377
X 337870  Y 176377
X 347870  Y 156377
X 347870  Y 176377
X 347870  Y 166377
X 347870  Y 196377
X 347870  Y 186377
X 337870  Y 196377
X 337870  Y 186377
X 327870  Y 196377
X 327870  Y 186377
X 317870  Y 196377
X 317870  Y 186377
X 307870  Y 196377
X 297870  Y 196377
X 292714  Y 184303
X 287451  Y 183783
X 275825  Y 198636
X 247870  Y 186377
X 245645  Y 195558
X 224467  Y 185619
X 217870  Y 186377
X 183167  Y 189643
X 181777  Y 182627
X 167870  Y 196377
X 157870  Y 196377
X 134957  Y 183928
X 127870  Y 196377
X 107870  Y 196377
X 107870  Y 186377
X 107870  Y 216377
X 107870  Y 206377
X 107870  Y 226377
X 127870  Y 206377
X 127870  Y 226377
X 134995  Y 214178
X 137870  Y 206377
X 147870  Y 206377
X 157870  Y 206377
X 179262  Y 209760
X 180682  Y 214493
X 186126  Y 221949
X 232483  Y 213769
X 232866  Y 225891
X 233506  Y 218700
X 238220  Y 220960
X 244052  Y 214206
X 244532  Y 230097
X 249676  Y 224217
X 251786  Y 230815
X 253264  Y 215864
X 265497  Y 222272
X 267870  Y 206377
X 268820  Y 230357
X 273682  Y 227159
X 277870  Y 206377
X 317870  Y 206377
X 327870  Y 206377
X 337870  Y 206377
X 347870  Y 206377
X 347870  Y 216377
X 347870  Y 236377
X 320077  Y 247062
X 307870  Y 236377
X 287870  Y 246377
X 287870  Y 236377
X 277870  Y 246377
X 277870  Y 236377
X 267870  Y 246377
X 257870  Y 236377
X 253680  Y 243360
X 220077  Y 247062
X 179364  Y 246554
X 179364  Y 240492
X 149993  Y 244479
X 147870  Y 236377
X 144944  Y 245836
X 135144  Y 255634
X 127870  Y 246377
X 127870  Y 236377
X 117870  Y 236377
X 107870  Y 246377
X 107870  Y 236377
X 107870  Y 256377
X 121201  Y 277612
X 137870  Y 276377
X 147870  Y 276377
X 155238  Y 262268
X 160169  Y 262192
X 165219  Y 264378
X 197870  Y 256377
X 197870  Y 266377
X 216346  Y 274190
X 218696  Y 267760
X 230077  Y 257062
X 277870  Y 256377
X 287870  Y 256377
X 297870  Y 276377
X 307870  Y 276377
X 317870  Y 276377
X 326698  Y 256507
X 337870  Y 276377
X 337870  Y 256377
X 347870  Y 266377
X 360077  Y 267062
X 357870  Y 296377
X 347870  Y 286377
X 347870  Y 296377
X 337870  Y 296377
X 337870  Y 286377
X 327870  Y 296377
X 317870  Y 296377
X 317870  Y 286377
X 307870  Y 286377
X 202710  Y 294043
X 190424  Y 293592
X 178364  Y 284924
X 159207  Y 285717
X 152754  Y 286915
X 121879  Y 282543
X 107870  Y 286377

Drill: .02756  Tool: 3  Feed: 197  Speed: 550
X 308933  Y 185192 X 308933  Y 182437
X 331177  Y 127909 X 333933  Y 127909

Drill: .02953  Tool: 4  Feed: 197  Speed: 550
X 118194  Y 174354
X 118194  Y 164511
X 118194  Y 184196
X 118194  Y 194039

Drill: .035  Tool: 5  Feed: 197  Speed: 550
X 308933  Y 135783
X 356177  Y 135783

Drill: .03543  Tool: 6  Feed: 197  Speed: 550
X 325618  Y 280555
X 355539  Y 280555

Drill: .05197  Tool: 7  Feed: 107  Speed: 550
X 216746  Y 111409
X 226746  Y 111409
X 236746  Y 111409
X 246746  Y 111409
X 256746  Y 111409
X 266746  Y 111409
X 276746  Y 111409
X 286746  Y 111409
X 296746  Y 111409
X 306746  Y 111409
X 306746  Y 298803
X 296746  Y 298803
X 286746  Y 298803
X 276746  Y 298803
X 266746  Y 298803
X 256746  Y 298803
X 246746  Y 298803
X 236746  Y 298803
X 226746  Y 298803
X 216746  Y 298803

Drill: .05906  Tool: 8  Feed: 107  Speed: 550
X 337297  Y 112799
X 347297  Y 112799

End of Listing
